<?xml version="1.0" encoding="UTF-8"?>
<!-- Generated by org.testng.reporters.JUnitReportReporter -->
<testsuite hostname="LAPTOP-ACKBBA5B" failures="0" tests="1" name="exe3.MenuLinks" time="43.052" errors="0" timestamp="2023-02-25T20:34:35 PST" skipped="0">
  <testcase classname="exe3.MenuLinks" name="testmenulink" time="43.052"/>
  <system-out/>
</testsuite> <!-- exe3.MenuLinks -->
