<?xml version="1.0" encoding="UTF-8"?>
<!-- Generated by org.testng.reporters.JUnitReportReporter -->
<testsuite hostname="LAPTOP-ACKBBA5B" failures="0" tests="1" name="exe2.SelectSamsungManufacturer" time="7.739" errors="0" timestamp="2023-02-25T16:04:29 PST" skipped="0">
  <testcase classname="exe2.SelectSamsungManufacturer" name="testsamsungmanufacturer" time="7.739"/>
  <system-out/>
</testsuite> <!-- exe2.SelectSamsungManufacturer -->
