<?xml version="1.0" encoding="UTF-8"?>
<!-- Generated by org.testng.reporters.JUnitReportReporter -->
<testsuite hostname="LAPTOP-ACKBBA5B" failures="0" tests="1" name="exe1.ExtractBestsellerProducts" time="39.596" errors="0" timestamp="2023-02-25T15:20:29 PST" skipped="0">
  <testcase classname="exe1.ExtractBestsellerProducts" name="testBestsellerProduct" time="39.596"/>
  <system-out/>
</testsuite> <!-- exe1.ExtractBestsellerProducts -->
